\o Program:		@(#)$CDS: cdsLibEditor version 6.1.7 - CAT35 10/18/2015 00:07 (sjfnl678) $
\o Sub version:		sub-version  p009 
\o Arguments:		-display :0 -mpssession virtuoso2914 -mpshost berkeley -namespace CDBA -cdslib /home/cadence/tsmc65nm/cds.lib 
\o Working Directory:	berkeley:/home/cadence/tsmc65nm
\o 64-bit offsets
\a nrSetWindowVisibility(cdsLibEditor "show")
\o Qt version: 		4.8.5
\a nrSetCurrentWindow(cdsLibEditor)
\a nrResizeWindow(cdsLibEditor list(0 18 1912 956))
\a nrListItemAction(cdsLibEditor->mainTable 17 0)
\o Active cell: 17 0 ""
\a nrListItemAction(cdsLibEditor->mainTable 17 1)
\o Active cell: 17 1 ""
\a nrSetCurrentWindow(cdsLibEditor)
\a nrListItemAction(cdsLibEditor->mainTable 0 0)
\o Active cell: 0 0 "cdsDefTechLib"
\a nrListItemAction(cdsLibEditor->mainTable 17 1)
\o Active cell: 17 1 "/hom"
\a nrListItemAction(cdsLibEditor->mainTable 17 0)
\o Active cell: 17 0 ""
\a nrListItemAction(cdsLibEditor->mainTable 17 1)
\o Active cell: 17 1 "/home/cadence/umc90nm/umc90nm"
\a cdsLibEditor->fileSaveButton->value = t
\a nrSetCurrentWindow(cdsLibEditor)
\a cdsLibEditor->fileExitButton->value = t
\a nrSetWindowVisibility(cdsLibEditor "hide")
\a exit(0)
