\o Program:		@(#)$CDS: libManager version 6.1.7 - CAT35 10/18/2015 00:06 (sjfnl678) $
\o Sub version:		sub-version  p009 
\o Arguments:		-mpssession virtuoso1573 -mpshost berkeley 
\o Working Directory:	berkeley:/home/cadence/tsmc65nm
\o 64-bit offsets
\o Qt version: 		4.8.5
\o Log file is "/home/cadence/tsmc65nm/libManager.log".
\o Opening libManager window.
\a nrSetCurrentWindow(cdsLibManager)
\o changeWorkingDir("/home/cadence/tsmc65nm") unnecessary.
\o ddSetForcedLib("") unnecessary.
\o MPS service: map window
\a nrResizeWindow(cdsLibManager list(1283 36 621 1008))
\o Library Manager customization server connected.
\a nrResizeWindow(cdsLibManager list(963 36 941 1008))
\a nrSetCurrentWindow(cdsLibManager)
\a cdsLibManager->libListBox->value = "BandGapReference"
\a cdsLibManager->cellListBox->value = "BGR_test"
\a cdsLibManager->cellLineEdit->value = "BGR_test"
\a cdsLibManager->libLineEdit->value = "BandGapReference"
\a cdsLibManager->cellListBox->value = nil
\a nrListItemAction(cdsLibManager->cellListBox 0 0)
\a cdsLibManager->cellListBox->value = "BGR_test"
\o MPS request: edit design
\a cdsLibManager->cellLineEdit->value = "BGR_test"
\a cdsLibManager->libListBox->value = nil
\a cdsLibManager->cellListBox->value = nil
\a cdsLibManager->cellLineEdit->value = ""
\a cdsLibManager->libLineEdit->value = ""
\a cdsLibManager->libListBox->value = "BandGapReference"
\a cdsLibManager->libLineEdit->value = "BandGapReference"
\a cdsLibManager->cellListBox->value = "BGR_test"
\a cdsLibManager->cellLineEdit->value = "BGR_test"
\a cdsLibManager->cellListBox->value = nil
\a cdsLibManager->cellLineEdit->value = ""
\a cdsLibManager->cellListBox->value = "BGR_test"
\a cdsLibManager->cellLineEdit->value = "BGR_test"
\a nrSetCurrentWindow(cdsLibManager)
\a nrSetCurrentWindow(cdsLibManager)
\a cdsLibManager->cellListBox->value = nil
\a nrListItemAction(cdsLibManager->cellListBox 0 0)
\a cdsLibManager->cellListBox->value = "BGR_test"
\o MPS request: edit design
\a cdsLibManager->cellLineEdit->value = "BGR_test"
\a nrSetCurrentWindow(cdsLibManager)
\a nrSetCurrentWindow(cdsLibManager)
\a nrSetCurrentWindow(cdsLibManager)
\a nrResizeWindow(cdsLibManager list(1283 36 621 1008))
\a cdsLibManager->libListBox->value = nil
\a cdsLibManager->cellListBox->value = nil
\a cdsLibManager->cellLineEdit->value = ""
\a cdsLibManager->libLineEdit->value = ""
\a cdsLibManager->libListBox->value = "BandGapReference"
\a cdsLibManager->libLineEdit->value = "BandGapReference"
\a cdsLibManager->cellListBox->value = "BGR_test"
\a cdsLibManager->cellLineEdit->value = "BGR_test"
\a cdsLibManager->cellListBox->value = nil
\a cdsLibManager->cellLineEdit->value = ""
\a cdsLibManager->cellListBox->value = "BGR_test"
\a cdsLibManager->cellLineEdit->value = "BGR_test"
\a nrSetCurrentWindow(cdsLibManager)
\a nrResizeWindow(cdsLibManager list(963 36 941 1008))
