*Info*    Exporting services from client ... 

*Info*    Client has finished starting ... 



*Info*    Configuring the session ...

	Library      = BandGapReference
	Cell         = BGR_test
	View         = schematic
	Simulator    = spectre
	State Path   = $AXL_SETUPDB_DIR/test_states
	State Name   = BandGapReference:BGR_test:1_none_Interactive.8
	Results DB   = /home/cadence/tsmc65nm/BandGapReference/BGR_test/adexl/results/data/Interactive.8.rdb
	Results Dir  = /home/cadence/simulation/BandGapReference/BGR_test/adexl/results/data/Interactive.8/1/BandGapReference:BGR_test:1
	Results Loc  = /home/cadence/simulation/BandGapReference/BGR_test/adexl/results/data
	Project Dir  = /home/cadence/simulation
	Setup DB loc = /home/cadence/tsmc65nm/BandGapReference/BGR_test/adexl
	File Encoding = 0


*Info*    Spectre controlMode is set "batch".






*Info*    Run start for Point ID (8 1) on testbench [
          BandGapReference:BGR_test:1 ].

Resetting statistical vars

*Info*    Setting parameter values ...

Setting var IB = "0.5u"
Setting var IREF = "0.5u"
Setting var L = "480n"
Setting var L_input = "280n"
Setting var M = "5"
Setting var M_input = "5"
Setting var VDS = "1.8"
Setting var VGS = "553m"
Setting var VSB = "0"
Setting temp(T) = 27

*Info*    Netlist Directory =
          /home/cadence/simulation/BandGapReference/BGR_test/adexl/results/data/Interactive.8/1/BandGapReference:BGR_test:1/netlist


*Info*    Data Directory    =
          /home/cadence/simulation/BandGapReference/BGR_test/adexl/results/data/Interactive.8/1/BandGapReference:BGR_test:1


*Info*    Creating Netlist for Point ID (8 1)

generate netlist...
Begin Incremental Netlisting Sep 11 15:32:47 2024
WARNING (OSSHNL-226): There are more design variables used in the current netlisting session as
compared to the last session in the current run directory. The netlist(s)
generated in the last netlisting session cannot be reused for incremental
netlisting. Therefore re-netlisting the design.

End netlisting Sep 11 15:32:47 2024

Netlisting Statistics:
	Number of components:   18

	Elapsed time:          0.0s
Errors: 0	Warnings: 0
      ...successful.
compose simulator input file...
      ...successful.

*Info*    Running simulation on testbench [
          BandGapReference:BGR_test:1 ] for Point ID (8 1).

Delete psf data in /home/cadence/simulation/BandGapReference/BGR_test/adexl/results/data/Interactive.8/1/BandGapReference:BGR_test:1/psf.
compose simulator input file...
      ...successful.
start simulator if needed...
      ...successful.
simulate...
To view the simulator output, right-click on the test name, result 
name, or any value in the "Results" tab of the Outputs section and 
choose "Output Log" menu option.
INFO (ADE-3071): Simulation completed successfully.
reading simulation data...
      ...successful.
*Info*    Client has finished evaluating ... 


*Info*    Run complete for Point ID (8 1) on testbench [
          BandGapReference:BGR_test:1 ].





Simulation design variables differ from those on the cellView,
they have been saved in the file "/tmp/saved-design-variables".
To save future changes, copy variables to cellView before exiting.
