*Info*    Exporting services from client ... 

*Info*    Client has finished starting ... 



*Info*    Configuring the session ...

	Library      = BandGapReference
	Cell         = BGR_test
	View         = schematic
	Simulator    = spectre
	State Path   = $AXL_SETUPDB_DIR/test_states
	State Name   = BandGapReference:BGR_test:1_none_Interactive.104
	Results DB   = /home/cadence/tsmc65nm/BandGapReference/BGR_test/adexl/results/data/Interactive.104.rdb
	Results Dir  = /home/cadence/simulation/BandGapReference/BGR_test/adexl/results/data/Interactive.104/1/BandGapReference:BGR_test:1
	Results Loc  = /home/cadence/simulation/BandGapReference/BGR_test/adexl/results/data
	Project Dir  = /home/cadence/simulation
	Setup DB loc = /home/cadence/tsmc65nm/BandGapReference/BGR_test/adexl
	File Encoding = 0


*Info*    Spectre controlMode is set "batch".






*Info*    Run start for Point ID (1 1) on testbench [
          BandGapReference:BGR_test:1 ].

Resetting statistical vars

*Info*    Setting parameter values ...

Setting var IB = "0.5u"
Setting var IREF = "0.5u"
Setting var L = "580n"
Setting var L_input = "280n"
Setting var M = "40"
Setting var M_input = "10"
Setting var RCTAT = "1.028M"
Setting var RPTAT = "166k"
Setting var RREF = "675k"
Setting var VDS = "2.5"
Setting var VGS = "553m"
Setting var VSB = "0"
Setting temp(T) = 27

*Info*    Netlist Directory =
          /home/cadence/simulation/BandGapReference/BGR_test/adexl/results/data/Interactive.104/1/BandGapReference:BGR_test:1/netlist


*Info*    Data Directory    =
          /home/cadence/simulation/BandGapReference/BGR_test/adexl/results/data/Interactive.104/1/BandGapReference:BGR_test:1


*Info*    Creating Netlist for Point ID (1 1)

generate netlist...
Loading seCore.cxt 
Begin Incremental Netlisting Oct  7 15:06:46 2024
End netlisting Oct  7 15:06:46 2024
Loading monte.cxt 

	The netlist is up to date.
	Time taken to compare the design with netlist:   0.0s
      ...successful.
compose simulator input file...
WARNING (ADE-3022): Schematics of the following net names could not be mapped to
        simulators. Ensure that the specified schematic names are valid.
        /IPRB0 
      ...successful.

*Info*    Running simulation on testbench [
          BandGapReference:BGR_test:1 ] for Point ID (1 1).

Delete psf data in /home/cadence/simulation/BandGapReference/BGR_test/adexl/results/data/Interactive.104/1/BandGapReference:BGR_test:1/psf.
compose simulator input file...
WARNING (ADE-3022): Schematics of the following net names could not be mapped to
        simulators. Ensure that the specified schematic names are valid.
        /IPRB0 
      ...successful.
start simulator if needed...
      ...successful.
simulate...
To view the simulator output, right-click on the test name, result 
name, or any value in the "Results" tab of the Outputs section and 
choose "Output Log" menu option.
INFO (ADE-3067): Errors encountered during simulation. For more information, right-click
        on a test name in the 'Results' tab of the Outputs pane and choose 'Output Log'
        to view the simulation run log.
reading simulation data...
      ...successful.

*Error*   Error ID  = 5011
*Error*   Error Msg = Simulator failed to complete the simulation.

          Error found by spectre.
Error found by spectre.
ERROR
          (SPECTRE-16408): The probe parameter must be specified to
          perform stability analysis.





*Info*    Client has finished evaluating ... 


*Info*    Run complete for Point ID (1 1) on testbench [
          BandGapReference:BGR_test:1 ].





Simulation design variables differ from those on the cellView,
they have been saved in the file "/tmp/saved-design-variables".
To save future changes, copy variables to cellView before exiting.
