*Info*    Exporting services from client ... 

*Info*    Client has finished starting ... 



*Info*    Configuring the session ...

	Library      = cadence_training
	Cell         = COMMON_SOURCE
	View         = schematic
	Simulator    = spectre
	State Path   = $AXL_SETUPDB_DIR/test_states
	State Name   = cadence_training:COMMON_SOURCE:1_none_Interactive.0
	Results DB   = /home/cadence/tsmc65nm/cadence_training/COMMON_SOURCE/adexl/results/data/Interactive.0.rdb
	Results Dir  = /home/cadence/simulation/cadence_training/COMMON_SOURCE/adexl/results/data/Interactive.0/1/cadence_training:COMMON_SOURCE:1
	Results Loc  = /home/cadence/simulation/cadence_training/COMMON_SOURCE/adexl/results/data
	Project Dir  = /home/cadence/simulation
	Setup DB loc = /home/cadence/tsmc65nm/cadence_training/COMMON_SOURCE/adexl
	File Encoding = 0


*Info*    Spectre controlMode is set "batch".






*Info*    Run start for Point ID (0 1) on testbench [
          cadence_training:COMMON_SOURCE:1 ].

Resetting statistical vars

*Info*    Setting parameter values ...

Setting var L = "2u"
Setting var VDS = "0.6"
Setting var VGS = "0"
Setting var W = "10u"
Setting temp(T) = 27

*Info*    Netlist Directory =
          /home/cadence/simulation/cadence_training/COMMON_SOURCE/adexl/results/data/Interactive.0/1/cadence_training:COMMON_SOURCE:1/netlist


*Info*    Data Directory    =
          /home/cadence/simulation/cadence_training/COMMON_SOURCE/adexl/results/data/Interactive.0/1/cadence_training:COMMON_SOURCE:1


*Info*    Creating Netlist for Point ID (0 1)

generate netlist...
Begin Incremental Netlisting Feb  1 07:29:42 2024
WARNING (OSSHNL-160): The primitive, 'analogLib/vdc/spectre', was not used in the last netlisting session in this
current run directory. Therefore, re-netlisting all cell views where this
primitive is instantiated.

WARNING (OSSHNL-196): The value of the "nlAction" property of library 'analogLib', cell 'vdc', view 'auCdl'
has changed since the last netlisting session in current run directory. Some
cell views need to be re-netlisted.

End netlisting Feb  1 07:29:42 2024

Netlisting Statistics:
	Number of components:    5

	Elapsed time:          1.0s (5.00/s)
Errors: 0	Warnings: 0
      ...successful.
compose simulator input file...
      ...successful.

*Info*    Running simulation on testbench [
          cadence_training:COMMON_SOURCE:1 ] for Point ID (0 1).

Delete psf data in /home/cadence/simulation/cadence_training/COMMON_SOURCE/adexl/results/data/Interactive.0/1/cadence_training:COMMON_SOURCE:1/psf.
compose simulator input file...
      ...successful.
start simulator if needed...
      ...successful.
simulate...
To view the simulator output, right-click on the test name, result 
name, or any value in the "Results" tab of the Outputs section and 
choose "Output Log" menu option.
INFO (ADE-3071): Simulation completed successfully.
reading simulation data...
      ...successful.
*Info*    Client has finished evaluating ... 


*Info*    Run complete for Point ID (0 1) on testbench [
          cadence_training:COMMON_SOURCE:1 ].





Simulation design variables differ from those on the cellView,
they have been saved in the file "/tmp/saved-design-variables".
To save future changes, copy variables to cellView before exiting.
